<?xml version="1.0" encoding="UTF-8"?>
<testsuite xmlns:xsi="http://www.w3.org/2001/XMLSchema-instance" xsi:noNamespaceSchemaLocation="https://maven.apache.org/surefire/maven-surefire-plugin/xsd/surefire-test-report.xsd" name="edu.brandeis.cosi103a.ip1.DominationTest" time="0.022" tests="27" errors="0" skipped="0" failures="0">
  <properties>
[...]
</properties>
  <testcase name="testPlayerGetAvailableCoins" classname="edu.brandeis.cosi103a.ip1.DominationTest" time="0.001"/>
  <testcase name="testPlayerGetAutomationPoints" classname="edu.brandeis.cosi103a.ip1.DominationTest" time="0"/>
  <testcase name="testMultiplePlayersCanPlay" classname="edu.brandeis.cosi103a.ip1.DominationTest" time="0"/>
  <testcase name="testGameEndsWhenFrameworkEmpty" classname="edu.brandeis.cosi103a.ip1.DominationTest" time="0"/>
  <testcase name="testDeckAutomationPoints" classname="edu.brandeis.cosi103a.ip1.DominationTest" time="0"/>
  <testcase name="testGameEndsEventually" classname="edu.brandeis.cosi103a.ip1.DominationTest" time="0.007"/>
  <testcase name="testPlayerHandDealing" classname="edu.brandeis.cosi103a.ip1.DominationTest" time="0"/>
  <testcase name="testCardPurchaseAndDeckIntegration" classname="edu.brandeis.cosi103a.ip1.DominationTest" time="0"/>
  <testcase name="testCryptocurrencyCardCopy" classname="edu.brandeis.cosi103a.ip1.DominationTest" time="0"/>
  <testcase name="testAutomationCardCopy" classname="edu.brandeis.cosi103a.ip1.DominationTest" time="0"/>
  <testcase name="testGameSupplyDepletes" classname="edu.brandeis.cosi103a.ip1.DominationTest" time="0"/>
  <testcase name="testSupplyInitialization" classname="edu.brandeis.cosi103a.ip1.DominationTest" time="0"/>
  <testcase name="testGamePlaysWithoutError" classname="edu.brandeis.cosi103a.ip1.DominationTest" time="0"/>
  <testcase name="testGameInitialization" classname="edu.brandeis.cosi103a.ip1.DominationTest" time="0"/>
  <testcase name="testPlayerSetupStarterDeck" classname="edu.brandeis.cosi103a.ip1.DominationTest" time="0"/>
  <testcase name="testPlayerAddCardToDeck" classname="edu.brandeis.cosi103a.ip1.DominationTest" time="0"/>
  <testcase name="testSupplyCanBuyCard" classname="edu.brandeis.cosi103a.ip1.DominationTest" time="0"/>
  <testcase name="testDeckMultipleAutomationCards" classname="edu.brandeis.cosi103a.ip1.DominationTest" time="0.001"/>
  <testcase name="testAutomationCardCreation" classname="edu.brandeis.cosi103a.ip1.DominationTest" time="0"/>
  <testcase name="testSupplyBuyCard" classname="edu.brandeis.cosi103a.ip1.DominationTest" time="0"/>
  <testcase name="testPlayerCleanup" classname="edu.brandeis.cosi103a.ip1.DominationTest" time="0"/>
  <testcase name="testDeckAddCard" classname="edu.brandeis.cosi103a.ip1.DominationTest" time="0"/>
  <testcase name="testPlayerCreation" classname="edu.brandeis.cosi103a.ip1.DominationTest" time="0"/>
  <testcase name="testPlayerDecksGrowWithPurchases" classname="edu.brandeis.cosi103a.ip1.DominationTest" time="0"/>
  <testcase name="testPlayerGetCryptocurrencyCards" classname="edu.brandeis.cosi103a.ip1.DominationTest" time="0"/>
  <testcase name="testCryptocurrencyCardCreation" classname="edu.brandeis.cosi103a.ip1.DominationTest" time="0"/>
  <testcase name="testSupplyBuyCardReducesCount" classname="edu.brandeis.cosi103a.ip1.DominationTest" time="0.001"/>
</testsuite>